[2026-01-16 16:08:54,249] INFO [RaftManager id=5] Disconnecting from node 1 due to request timeout. (org.apache.kafka.clients.NetworkClient)
[2026-01-16 16:08:54,318] INFO [RaftManager id=5] Cancelled in-flight FETCH request with correlation id 44482 due to node 1 being disconnected (elapsed time since creation: 1667165ms, elapsed time since send: 1667162ms, throttle time: 0ms, request timeout: 2000ms) (org.apache.kafka.clients.NetworkClient)
[2026-01-16 16:25:23,166] INFO [NodeToControllerChannelManager id=5 name=heartbeat] Client requested disconnect from node 1 (org.apache.kafka.clients.NetworkClient)
[2026-01-16 16:25:23,370] INFO [broker-5-to-controller-heartbeat-channel-manager]: Recorded new KRaft controller, from now on will use node kafka-controller-1:9093 (id: 1 rack: null) (kafka.server.NodeToControllerRequestThread)
[2026-01-16 16:25:23,873] INFO [NodeToControllerChannelManager id=5 name=heartbeat] Client requested disconnect from node 1 (org.apache.kafka.clients.NetworkClient)
[2026-01-16 16:25:23,888] INFO [broker-5-to-controller-heartbeat-channel-manager]: Recorded new KRaft controller, from now on will use node kafka-controller-1:9093 (id: 1 rack: null) (kafka.server.NodeToControllerRequestThread)
[2026-01-16 16:25:24,058] INFO [broker-5-to-controller-heartbeat-channel-manager]: Recorded new KRaft controller, from now on will use node kafka-controller-1:9093 (id: 1 rack: null) (kafka.server.NodeToControllerRequestThread)
[2026-01-16 16:25:24,184] INFO [NodeToControllerChannelManager id=5 name=heartbeat] Client requested disconnect from node 1 (org.apache.kafka.clients.NetworkClient)
[2026-01-16 16:25:24,186] INFO [broker-5-to-controller-heartbeat-channel-manager]: Recorded new KRaft controller, from now on will use node kafka-controller-1:9093 (id: 1 rack: null) (kafka.server.NodeToControllerRequestThread)
[2026-01-16 16:25:24,243] INFO [broker-5-to-controller-heartbeat-channel-manager]: Recorded new KRaft controller, from now on will use node kafka-controller-1:9093 (id: 1 rack: null) (kafka.server.NodeToControllerRequestThread)
[2026-01-16 16:25:24,436] INFO [NodeToControllerChannelManager id=5 name=heartbeat] Client requested disconnect from node 1 (org.apache.kafka.clients.NetworkClient)
[2026-01-16 16:25:24,442] INFO [broker-5-to-controller-heartbeat-channel-manager]: Recorded new KRaft controller, from now on will use node kafka-controller-1:9093 (id: 1 rack: null) (kafka.server.NodeToControllerRequestThread)
[2026-01-16 16:25:24,493] INFO [broker-5-to-controller-heartbeat-channel-manager]: Recorded new KRaft controller, from now on will use node kafka-controller-1:9093 (id: 1 rack: null) (kafka.server.NodeToControllerRequestThread)
[2026-01-16 16:25:24,612] INFO [NodeToControllerChannelManager id=5 name=heartbeat] Client requested disconnect from node 1 (org.apache.kafka.clients.NetworkClient)
[2026-01-16 16:25:24,615] INFO [broker-5-to-controller-heartbeat-channel-manager]: Recorded new KRaft controller, from now on will use node kafka-controller-1:9093 (id: 1 rack: null) (kafka.server.NodeToControllerRequestThread)
[2026-01-16 16:25:24,668] INFO [broker-5-to-controller-heartbeat-channel-manager]: Recorded new KRaft controller, from now on will use node kafka-controller-1:9093 (id: 1 rack: null) (kafka.server.NodeToControllerRequestThread)
[2026-01-16 16:25:24,802] INFO [NodeToControllerChannelManager id=5 name=heartbeat] Client requested disconnect from node 1 (org.apache.kafka.clients.NetworkClient)
[2026-01-16 16:25:25,002] INFO [RaftManager id=5] Completed transition to Unattached(epoch=980, voters=[1, 2, 3], electionTimeoutMs=9223372036854775807) from FollowerState(fetchTimeoutMs=2000, epoch=979, leader=kafka-controller-1:9093 (id: 1 rack: null) voters=[1, 2, 3], highWatermark=Optional[LogOffsetMetadata(offset=45184, metadata=Optional.empty)], fetchingSnapshot=Optional.empty) (org.apache.kafka.raft.QuorumState)
[2026-01-16 16:25:25,912] INFO [RaftManager id=5] Completed transition to FollowerState(fetchTimeoutMs=2000, epoch=981, leader=kafka-controller-3:9093 (id: 3 rack: null) voters=[1, 2, 3], highWatermark=Optional[LogOffsetMetadata(offset=45184, metadata=Optional.empty)], fetchingSnapshot=Optional.empty) from Unattached(epoch=980, voters=[1, 2, 3], electionTimeoutMs=9223372036854775807) (org.apache.kafka.raft.QuorumState)
[2026-01-16 16:25:25,960] INFO [broker-5-to-controller-heartbeat-channel-manager]: Recorded new KRaft controller, from now on will use node kafka-controller-3:9093 (id: 3 rack: null) (kafka.server.NodeToControllerRequestThread)
[2026-01-16 16:43:04,381] INFO [RaftManager id=5] Completed transition to Unattached(epoch=982, voters=[1, 2, 3], electionTimeoutMs=9223372036854775807) from FollowerState(fetchTimeoutMs=2000, epoch=981, leader=kafka-controller-3:9093 (id: 3 rack: null) voters=[1, 2, 3], highWatermark=Optional[LogOffsetMetadata(offset=45234, metadata=Optional.empty)], fetchingSnapshot=Optional.empty) (org.apache.kafka.raft.QuorumState)
[2026-01-16 16:43:04,605] INFO [RaftManager id=5] Completed transition to FollowerState(fetchTimeoutMs=2000, epoch=982, leader=kafka-controller-1:9093 (id: 1 rack: null) voters=[1, 2, 3], highWatermark=Optional[LogOffsetMetadata(offset=45234, metadata=Optional.empty)], fetchingSnapshot=Optional.empty) from Unattached(epoch=982, voters=[1, 2, 3], electionTimeoutMs=9223372036854775807) (org.apache.kafka.raft.QuorumState)
[2026-01-16 16:43:04,613] INFO [NodeToControllerChannelManager id=5 name=heartbeat] Client requested disconnect from node 3 (org.apache.kafka.clients.NetworkClient)
[2026-01-16 16:43:04,628] INFO [broker-5-to-controller-heartbeat-channel-manager]: Recorded new KRaft controller, from now on will use node kafka-controller-1:9093 (id: 1 rack: null) (kafka.server.NodeToControllerRequestThread)
[2026-01-16 16:43:44,541] INFO [RaftManager id=5] Completed transition to Unattached(epoch=983, voters=[1, 2, 3], electionTimeoutMs=9223372036854775807) from FollowerState(fetchTimeoutMs=2000, epoch=982, leader=kafka-controller-1:9093 (id: 1 rack: null) voters=[1, 2, 3], highWatermark=Optional[LogOffsetMetadata(offset=45292, metadata=Optional.empty)], fetchingSnapshot=Optional.empty) (org.apache.kafka.raft.QuorumState)
[2026-01-16 16:43:44,611] INFO [RaftManager id=5] Completed transition to FollowerState(fetchTimeoutMs=2000, epoch=983, leader=kafka-controller-2:9093 (id: 2 rack: null) voters=[1, 2, 3], highWatermark=Optional[LogOffsetMetadata(offset=45292, metadata=Optional.empty)], fetchingSnapshot=Optional.empty) from Unattached(epoch=983, voters=[1, 2, 3], electionTimeoutMs=9223372036854775807) (org.apache.kafka.raft.QuorumState)
[2026-01-16 16:43:45,484] INFO [NodeToControllerChannelManager id=5 name=heartbeat] Client requested disconnect from node 1 (org.apache.kafka.clients.NetworkClient)
[2026-01-16 16:43:45,521] INFO [broker-5-to-controller-heartbeat-channel-manager]: Recorded new KRaft controller, from now on will use node kafka-controller-2:9093 (id: 2 rack: null) (kafka.server.NodeToControllerRequestThread)
[2026-01-16 16:44:25,232] INFO [RaftManager id=5] Disconnecting from node 2 due to request timeout. (org.apache.kafka.clients.NetworkClient)
[2026-01-16 16:44:25,238] INFO [NodeToControllerChannelManager id=5 name=heartbeat] Client requested disconnect from node 2 (org.apache.kafka.clients.NetworkClient)
[2026-01-16 16:44:25,340] INFO [broker-5-to-controller-heartbeat-channel-manager]: Recorded new KRaft controller, from now on will use node kafka-controller-2:9093 (id: 2 rack: null) (kafka.server.NodeToControllerRequestThread)
[2026-01-16 16:44:25,401] INFO [RaftManager id=5] Cancelled in-flight FETCH request with correlation id 44897 due to node 2 being disconnected (elapsed time since creation: 2014ms, elapsed time since send: 2011ms, throttle time: 0ms, request timeout: 2000ms) (org.apache.kafka.clients.NetworkClient)
[2026-01-16 16:44:25,644] INFO [NodeToControllerChannelManager id=5 name=heartbeat] Client requested disconnect from node 2 (org.apache.kafka.clients.NetworkClient)
[2026-01-16 16:44:25,648] INFO [broker-5-to-controller-heartbeat-channel-manager]: Recorded new KRaft controller, from now on will use node kafka-controller-2:9093 (id: 2 rack: null) (kafka.server.NodeToControllerRequestThread)
[2026-01-16 16:44:25,762] INFO [broker-5-to-controller-heartbeat-channel-manager]: Recorded new KRaft controller, from now on will use node kafka-controller-2:9093 (id: 2 rack: null) (kafka.server.NodeToControllerRequestThread)
[2026-01-16 16:44:25,837] INFO [NodeToControllerChannelManager id=5 name=heartbeat] Client requested disconnect from node 2 (org.apache.kafka.clients.NetworkClient)
[2026-01-16 16:44:25,842] INFO [broker-5-to-controller-heartbeat-channel-manager]: Recorded new KRaft controller, from now on will use node kafka-controller-2:9093 (id: 2 rack: null) (kafka.server.NodeToControllerRequestThread)
[2026-01-16 16:44:25,893] INFO [broker-5-to-controller-heartbeat-channel-manager]: Recorded new KRaft controller, from now on will use node kafka-controller-2:9093 (id: 2 rack: null) (kafka.server.NodeToControllerRequestThread)
[2026-01-16 16:44:25,908] INFO [NodeToControllerChannelManager id=5 name=heartbeat] Client requested disconnect from node 2 (org.apache.kafka.clients.NetworkClient)
[2026-01-16 16:44:25,914] INFO [broker-5-to-controller-heartbeat-channel-manager]: Recorded new KRaft controller, from now on will use node kafka-controller-2:9093 (id: 2 rack: null) (kafka.server.NodeToControllerRequestThread)
[2026-01-16 16:44:25,977] INFO [broker-5-to-controller-heartbeat-channel-manager]: Recorded new KRaft controller, from now on will use node kafka-controller-2:9093 (id: 2 rack: null) (kafka.server.NodeToControllerRequestThread)
[2026-01-16 16:44:25,992] INFO [RaftManager id=5] Completed transition to Unattached(epoch=985, voters=[1, 2, 3], electionTimeoutMs=9223372036854775807) from FollowerState(fetchTimeoutMs=2000, epoch=983, leader=kafka-controller-2:9093 (id: 2 rack: null) voters=[1, 2, 3], highWatermark=Optional[LogOffsetMetadata(offset=45351, metadata=Optional.empty)], fetchingSnapshot=Optional.empty) (org.apache.kafka.raft.QuorumState)
[2026-01-16 16:44:26,080] INFO [NodeToControllerChannelManager id=5 name=heartbeat] Client requested disconnect from node 2 (org.apache.kafka.clients.NetworkClient)
[2026-01-16 16:44:26,317] INFO [RaftManager id=5] Completed transition to FollowerState(fetchTimeoutMs=2000, epoch=985, leader=kafka-controller-1:9093 (id: 1 rack: null) voters=[1, 2, 3], highWatermark=Optional[LogOffsetMetadata(offset=45351, metadata=Optional.empty)], fetchingSnapshot=Optional.empty) from Unattached(epoch=985, voters=[1, 2, 3], electionTimeoutMs=9223372036854775807) (org.apache.kafka.raft.QuorumState)
[2026-01-16 16:44:26,397] INFO [broker-5-to-controller-heartbeat-channel-manager]: Recorded new KRaft controller, from now on will use node kafka-controller-1:9093 (id: 1 rack: null) (kafka.server.NodeToControllerRequestThread)
[2026-01-16 16:44:26,942] INFO [RaftManager id=5] Completed transition to Unattached(epoch=986, voters=[1, 2, 3], electionTimeoutMs=9223372036854775807) from FollowerState(fetchTimeoutMs=2000, epoch=985, leader=kafka-controller-1:9093 (id: 1 rack: null) voters=[1, 2, 3], highWatermark=Optional[LogOffsetMetadata(offset=45351, metadata=Optional.empty)], fetchingSnapshot=Optional.empty) (org.apache.kafka.raft.QuorumState)
[2026-01-16 16:44:27,118] INFO [RaftManager id=5] Completed transition to Unattached(epoch=987, voters=[1, 2, 3], electionTimeoutMs=9223372036854775807) from Unattached(epoch=986, voters=[1, 2, 3], electionTimeoutMs=9223372036854775807) (org.apache.kafka.raft.QuorumState)
[2026-01-16 16:44:27,357] INFO [RaftManager id=5] Completed transition to Unattached(epoch=988, voters=[1, 2, 3], electionTimeoutMs=9223372036854775807) from Unattached(epoch=987, voters=[1, 2, 3], electionTimeoutMs=9223372036854775807) (org.apache.kafka.raft.QuorumState)
[2026-01-16 16:44:27,509] INFO [RaftManager id=5] Completed transition to Unattached(epoch=989, voters=[1, 2, 3], electionTimeoutMs=9223372036854775807) from Unattached(epoch=988, voters=[1, 2, 3], electionTimeoutMs=9223372036854775807) (org.apache.kafka.raft.QuorumState)
[2026-01-16 16:44:28,242] INFO [RaftManager id=5] Completed transition to Unattached(epoch=990, voters=[1, 2, 3], electionTimeoutMs=9223372036854775807) from Unattached(epoch=989, voters=[1, 2, 3], electionTimeoutMs=9223372036854775807) (org.apache.kafka.raft.QuorumState)
[2026-01-16 16:44:28,909] INFO [NodeToControllerChannelManager id=5 name=heartbeat] Client requested disconnect from node 1 (org.apache.kafka.clients.NetworkClient)
[2026-01-16 16:44:30,394] INFO [RaftManager id=5] Disconnecting from node 2 due to request timeout. (org.apache.kafka.clients.NetworkClient)
[2026-01-16 16:44:30,485] INFO [RaftManager id=5] Cancelled in-flight FETCH request with correlation id 44961 due to node 2 being disconnected (elapsed time since creation: 2006ms, elapsed time since send: 2006ms, throttle time: 0ms, request timeout: 2000ms) (org.apache.kafka.clients.NetworkClient)
[2026-01-16 16:44:31,508] INFO [RaftManager id=5] Completed transition to FollowerState(fetchTimeoutMs=2000, epoch=992, leader=kafka-controller-1:9093 (id: 1 rack: null) voters=[1, 2, 3], highWatermark=Optional[LogOffsetMetadata(offset=45351, metadata=Optional.empty)], fetchingSnapshot=Optional.empty) from Unattached(epoch=990, voters=[1, 2, 3], electionTimeoutMs=9223372036854775807) (org.apache.kafka.raft.QuorumState)
[2026-01-16 16:44:31,529] INFO [broker-5-to-controller-heartbeat-channel-manager]: Recorded new KRaft controller, from now on will use node kafka-controller-1:9093 (id: 1 rack: null) (kafka.server.NodeToControllerRequestThread)
[2026-01-16 16:44:40,770] INFO [NodeToControllerChannelManager id=5 name=heartbeat] Client requested disconnect from node 1 (org.apache.kafka.clients.NetworkClient)
[2026-01-16 16:44:40,851] INFO [broker-5-to-controller-heartbeat-channel-manager]: Recorded new KRaft controller, from now on will use node kafka-controller-1:9093 (id: 1 rack: null) (kafka.server.NodeToControllerRequestThread)
[2026-01-16 16:44:40,929] INFO [broker-5-to-controller-heartbeat-channel-manager]: Recorded new KRaft controller, from now on will use node kafka-controller-1:9093 (id: 1 rack: null) (kafka.server.NodeToControllerRequestThread)
[2026-01-16 16:44:41,256] INFO [NodeToControllerChannelManager id=5 name=heartbeat] Client requested disconnect from node 1 (org.apache.kafka.clients.NetworkClient)
[2026-01-16 16:44:41,260] INFO [broker-5-to-controller-heartbeat-channel-manager]: Recorded new KRaft controller, from now on will use node kafka-controller-1:9093 (id: 1 rack: null) (kafka.server.NodeToControllerRequestThread)
[2026-01-16 16:44:41,312] INFO [broker-5-to-controller-heartbeat-channel-manager]: Recorded new KRaft controller, from now on will use node kafka-controller-1:9093 (id: 1 rack: null) (kafka.server.NodeToControllerRequestThread)
[2026-01-16 16:44:41,385] INFO [NodeToControllerChannelManager id=5 name=heartbeat] Client requested disconnect from node 1 (org.apache.kafka.clients.NetworkClient)
[2026-01-16 16:44:41,386] INFO [broker-5-to-controller-heartbeat-channel-manager]: Recorded new KRaft controller, from now on will use node kafka-controller-1:9093 (id: 1 rack: null) (kafka.server.NodeToControllerRequestThread)
[2026-01-16 16:44:41,439] INFO [broker-5-to-controller-heartbeat-channel-manager]: Recorded new KRaft controller, from now on will use node kafka-controller-1:9093 (id: 1 rack: null) (kafka.server.NodeToControllerRequestThread)
[2026-01-16 16:44:41,491] INFO [RaftManager id=5] Completed transition to Unattached(epoch=993, voters=[1, 2, 3], electionTimeoutMs=9223372036854775807) from FollowerState(fetchTimeoutMs=2000, epoch=992, leader=kafka-controller-1:9093 (id: 1 rack: null) voters=[1, 2, 3], highWatermark=Optional[LogOffsetMetadata(offset=45367, metadata=Optional.empty)], fetchingSnapshot=Optional.empty) (org.apache.kafka.raft.QuorumState)
[2026-01-16 16:44:41,524] INFO [NodeToControllerChannelManager id=5 name=heartbeat] Client requested disconnect from node 1 (org.apache.kafka.clients.NetworkClient)
[2026-01-16 16:44:42,354] INFO [RaftManager id=5] Completed transition to FollowerState(fetchTimeoutMs=2000, epoch=995, leader=kafka-controller-1:9093 (id: 1 rack: null) voters=[1, 2, 3], highWatermark=Optional[LogOffsetMetadata(offset=45367, metadata=Optional.empty)], fetchingSnapshot=Optional.empty) from Unattached(epoch=993, voters=[1, 2, 3], electionTimeoutMs=9223372036854775807) (org.apache.kafka.raft.QuorumState)
[2026-01-16 16:44:42,407] INFO [broker-5-to-controller-heartbeat-channel-manager]: Recorded new KRaft controller, from now on will use node kafka-controller-1:9093 (id: 1 rack: null) (kafka.server.NodeToControllerRequestThread)
[2026-01-16 16:44:42,502] INFO [NodeToControllerChannelManager id=5 name=heartbeat] Client requested disconnect from node 1 (org.apache.kafka.clients.NetworkClient)
[2026-01-16 16:44:42,507] INFO [broker-5-to-controller-heartbeat-channel-manager]: Recorded new KRaft controller, from now on will use node kafka-controller-1:9093 (id: 1 rack: null) (kafka.server.NodeToControllerRequestThread)
[2026-01-16 16:44:42,560] INFO [broker-5-to-controller-heartbeat-channel-manager]: Recorded new KRaft controller, from now on will use node kafka-controller-1:9093 (id: 1 rack: null) (kafka.server.NodeToControllerRequestThread)
[2026-01-16 16:44:42,627] INFO [NodeToControllerChannelManager id=5 name=heartbeat] Client requested disconnect from node 1 (org.apache.kafka.clients.NetworkClient)
[2026-01-16 16:44:42,635] INFO [broker-5-to-controller-heartbeat-channel-manager]: Recorded new KRaft controller, from now on will use node kafka-controller-1:9093 (id: 1 rack: null) (kafka.server.NodeToControllerRequestThread)
[2026-01-16 16:44:42,721] INFO [broker-5-to-controller-heartbeat-channel-manager]: Recorded new KRaft controller, from now on will use node kafka-controller-1:9093 (id: 1 rack: null) (kafka.server.NodeToControllerRequestThread)
[2026-01-16 16:45:34,575] INFO [NodeToControllerChannelManager id=5 name=heartbeat] Client requested disconnect from node 1 (org.apache.kafka.clients.NetworkClient)
[2026-01-16 16:45:34,696] INFO [broker-5-to-controller-heartbeat-channel-manager]: Recorded new KRaft controller, from now on will use node kafka-controller-1:9093 (id: 1 rack: null) (kafka.server.NodeToControllerRequestThread)
[2026-01-16 16:45:34,726] INFO [broker-5-to-controller-heartbeat-channel-manager]: Recorded new KRaft controller, from now on will use node kafka-controller-1:9093 (id: 1 rack: null) (kafka.server.NodeToControllerRequestThread)
[2026-01-16 16:45:34,867] INFO [NodeToControllerChannelManager id=5 name=heartbeat] Client requested disconnect from node 1 (org.apache.kafka.clients.NetworkClient)
[2026-01-16 16:45:34,946] INFO [broker-5-to-controller-heartbeat-channel-manager]: Recorded new KRaft controller, from now on will use node kafka-controller-1:9093 (id: 1 rack: null) (kafka.server.NodeToControllerRequestThread)
[2026-01-16 16:45:34,997] INFO [broker-5-to-controller-heartbeat-channel-manager]: Recorded new KRaft controller, from now on will use node kafka-controller-1:9093 (id: 1 rack: null) (kafka.server.NodeToControllerRequestThread)
[2026-01-16 16:45:35,081] INFO [NodeToControllerChannelManager id=5 name=heartbeat] Client requested disconnect from node 1 (org.apache.kafka.clients.NetworkClient)
[2026-01-16 16:45:35,098] INFO [broker-5-to-controller-heartbeat-channel-manager]: Recorded new KRaft controller, from now on will use node kafka-controller-1:9093 (id: 1 rack: null) (kafka.server.NodeToControllerRequestThread)
[2026-01-16 16:45:35,119] INFO [RaftManager id=5] Completed transition to Unattached(epoch=996, voters=[1, 2, 3], electionTimeoutMs=9223372036854775807) from FollowerState(fetchTimeoutMs=2000, epoch=995, leader=kafka-controller-1:9093 (id: 1 rack: null) voters=[1, 2, 3], highWatermark=Optional[LogOffsetMetadata(offset=45386, metadata=Optional.empty)], fetchingSnapshot=Optional.empty) (org.apache.kafka.raft.QuorumState)
[2026-01-16 16:45:35,372] INFO [RaftManager id=5] Completed transition to FollowerState(fetchTimeoutMs=2000, epoch=996, leader=kafka-controller-2:9093 (id: 2 rack: null) voters=[1, 2, 3], highWatermark=Optional[LogOffsetMetadata(offset=45386, metadata=Optional.empty)], fetchingSnapshot=Optional.empty) from Unattached(epoch=996, voters=[1, 2, 3], electionTimeoutMs=9223372036854775807) (org.apache.kafka.raft.QuorumState)
[2026-01-16 16:45:35,465] INFO [broker-5-to-controller-heartbeat-channel-manager]: Recorded new KRaft controller, from now on will use node kafka-controller-2:9093 (id: 2 rack: null) (kafka.server.NodeToControllerRequestThread)
[2026-01-16 16:45:49,854] INFO [RaftManager id=5] Completed transition to Unattached(epoch=997, voters=[1, 2, 3], electionTimeoutMs=9223372036854775807) from FollowerState(fetchTimeoutMs=2000, epoch=996, leader=kafka-controller-2:9093 (id: 2 rack: null) voters=[1, 2, 3], highWatermark=Optional[LogOffsetMetadata(offset=45403, metadata=Optional.empty)], fetchingSnapshot=Optional.empty) (org.apache.kafka.raft.QuorumState)
[2026-01-16 16:45:50,617] INFO [NodeToControllerChannelManager id=5 name=heartbeat] Client requested disconnect from node 2 (org.apache.kafka.clients.NetworkClient)
[2026-01-16 16:45:52,048] INFO [RaftManager id=5] Completed transition to Unattached(epoch=1000, voters=[1, 2, 3], electionTimeoutMs=9223372036854775807) from Unattached(epoch=997, voters=[1, 2, 3], electionTimeoutMs=9223372036854775807) (org.apache.kafka.raft.QuorumState)
[2026-01-16 16:45:52,587] INFO [RaftManager id=5] Completed transition to Unattached(epoch=1001, voters=[1, 2, 3], electionTimeoutMs=9223372036854775807) from Unattached(epoch=1000, voters=[1, 2, 3], electionTimeoutMs=9223372036854775807) (org.apache.kafka.raft.QuorumState)
[2026-01-16 16:45:53,643] INFO [RaftManager id=5] Completed transition to FollowerState(fetchTimeoutMs=2000, epoch=1001, leader=kafka-controller-3:9093 (id: 3 rack: null) voters=[1, 2, 3], highWatermark=Optional[LogOffsetMetadata(offset=45403, metadata=Optional.empty)], fetchingSnapshot=Optional.empty) from Unattached(epoch=1001, voters=[1, 2, 3], electionTimeoutMs=9223372036854775807) (org.apache.kafka.raft.QuorumState)
[2026-01-16 16:45:53,644] INFO [broker-5-to-controller-heartbeat-channel-manager]: Recorded new KRaft controller, from now on will use node kafka-controller-3:9093 (id: 3 rack: null) (kafka.server.NodeToControllerRequestThread)
[2026-01-16 16:47:11,252] INFO [RaftManager id=5] Completed transition to Unattached(epoch=1002, voters=[1, 2, 3], electionTimeoutMs=9223372036854775807) from FollowerState(fetchTimeoutMs=2000, epoch=1001, leader=kafka-controller-3:9093 (id: 3 rack: null) voters=[1, 2, 3], highWatermark=Optional[LogOffsetMetadata(offset=45429, metadata=Optional.empty)], fetchingSnapshot=Optional.empty) (org.apache.kafka.raft.QuorumState)
[2026-01-16 16:47:11,568] INFO [RaftManager id=5] Completed transition to FollowerState(fetchTimeoutMs=2000, epoch=1002, leader=kafka-controller-1:9093 (id: 1 rack: null) voters=[1, 2, 3], highWatermark=Optional[LogOffsetMetadata(offset=45429, metadata=Optional.empty)], fetchingSnapshot=Optional.empty) from Unattached(epoch=1002, voters=[1, 2, 3], electionTimeoutMs=9223372036854775807) (org.apache.kafka.raft.QuorumState)
[2026-01-16 16:47:11,612] INFO [RaftManager id=5] Completed transition to Unattached(epoch=1003, voters=[1, 2, 3], electionTimeoutMs=9223372036854775807) from FollowerState(fetchTimeoutMs=2000, epoch=1002, leader=kafka-controller-1:9093 (id: 1 rack: null) voters=[1, 2, 3], highWatermark=Optional[LogOffsetMetadata(offset=45429, metadata=Optional.empty)], fetchingSnapshot=Optional.empty) (org.apache.kafka.raft.QuorumState)
[2026-01-16 16:47:11,640] INFO [RaftManager id=5] Completed transition to FollowerState(fetchTimeoutMs=2000, epoch=1003, leader=kafka-controller-2:9093 (id: 2 rack: null) voters=[1, 2, 3], highWatermark=Optional[LogOffsetMetadata(offset=45429, metadata=Optional.empty)], fetchingSnapshot=Optional.empty) from Unattached(epoch=1003, voters=[1, 2, 3], electionTimeoutMs=9223372036854775807) (org.apache.kafka.raft.QuorumState)
[2026-01-16 16:47:11,651] INFO [UnifiedLog partition=__cluster_metadata-0, dir=/tmp/kafka-logs] Truncating to offset 45430 (kafka.log.UnifiedLog)
[2026-01-16 16:47:11,682] INFO [UnifiedLog partition=__cluster_metadata-0, dir=/tmp/kafka-logs] Loading producer state till offset 45430 with message format version 2 (kafka.log.UnifiedLog$)
[2026-01-16 16:47:11,682] INFO [UnifiedLog partition=__cluster_metadata-0, dir=/tmp/kafka-logs] Reloading from producer snapshot and rebuilding producer state from offset 45430 (kafka.log.UnifiedLog$)
[2026-01-16 16:47:11,683] INFO [ProducerStateManager partition=__cluster_metadata-0] Loading producer state from snapshot file 'SnapshotFile(offset=44941, file=/tmp/kafka-logs/__cluster_metadata-0/00000000000000044941.snapshot)' (org.apache.kafka.storage.internals.log.ProducerStateManager)
[2026-01-16 16:47:11,725] INFO [ProducerStateManager partition=__cluster_metadata-0] Wrote producer snapshot at offset 45430 with 0 producer ids in 3 ms. (org.apache.kafka.storage.internals.log.ProducerStateManager)
[2026-01-16 16:47:11,726] INFO [UnifiedLog partition=__cluster_metadata-0, dir=/tmp/kafka-logs] Producer state recovery took 7ms for snapshot load and 37ms for segment recovery from offset 45430 (kafka.log.UnifiedLog$)
[2026-01-16 16:47:11,726] INFO [RaftManager id=5] Truncated to offset 45430 from Fetch response from leader 2 (org.apache.kafka.raft.KafkaRaftClient)
[2026-01-16 16:47:12,151] INFO [NodeToControllerChannelManager id=5 name=heartbeat] Client requested disconnect from node 3 (org.apache.kafka.clients.NetworkClient)
[2026-01-16 16:47:12,156] INFO [broker-5-to-controller-heartbeat-channel-manager]: Recorded new KRaft controller, from now on will use node kafka-controller-2:9093 (id: 2 rack: null) (kafka.server.NodeToControllerRequestThread)
[2026-01-16 16:49:15,751] INFO [RaftManager id=5] Completed transition to Unattached(epoch=1004, voters=[1, 2, 3], electionTimeoutMs=9223372036854775807) from FollowerState(fetchTimeoutMs=2000, epoch=1003, leader=kafka-controller-2:9093 (id: 2 rack: null) voters=[1, 2, 3], highWatermark=Optional[LogOffsetMetadata(offset=45607, metadata=Optional.empty)], fetchingSnapshot=Optional.empty) (org.apache.kafka.raft.QuorumState)
[2026-01-16 16:49:15,939] INFO [RaftManager id=5] Completed transition to FollowerState(fetchTimeoutMs=2000, epoch=1004, leader=kafka-controller-1:9093 (id: 1 rack: null) voters=[1, 2, 3], highWatermark=Optional[LogOffsetMetadata(offset=45607, metadata=Optional.empty)], fetchingSnapshot=Optional.empty) from Unattached(epoch=1004, voters=[1, 2, 3], electionTimeoutMs=9223372036854775807) (org.apache.kafka.raft.QuorumState)
[2026-01-16 16:49:16,630] INFO [NodeToControllerChannelManager id=5 name=heartbeat] Client requested disconnect from node 2 (org.apache.kafka.clients.NetworkClient)
[2026-01-16 16:49:16,637] INFO [broker-5-to-controller-heartbeat-channel-manager]: Recorded new KRaft controller, from now on will use node kafka-controller-1:9093 (id: 1 rack: null) (kafka.server.NodeToControllerRequestThread)
[2026-01-16 16:51:33,282] INFO [RaftManager id=5] Completed transition to Unattached(epoch=1005, voters=[1, 2, 3], electionTimeoutMs=9223372036854775807) from FollowerState(fetchTimeoutMs=2000, epoch=1004, leader=kafka-controller-1:9093 (id: 1 rack: null) voters=[1, 2, 3], highWatermark=Optional[LogOffsetMetadata(offset=45844, metadata=Optional.empty)], fetchingSnapshot=Optional.empty) (org.apache.kafka.raft.QuorumState)
[2026-01-16 16:51:33,310] INFO [RaftManager id=5] Completed transition to Unattached(epoch=1006, voters=[1, 2, 3], electionTimeoutMs=9223372036854775807) from Unattached(epoch=1005, voters=[1, 2, 3], electionTimeoutMs=9223372036854775807) (org.apache.kafka.raft.QuorumState)
[2026-01-16 16:51:33,337] INFO [NodeToControllerChannelManager id=5 name=heartbeat] Client requested disconnect from node 1 (org.apache.kafka.clients.NetworkClient)
[2026-01-16 16:51:33,588] INFO [RaftManager id=5] Completed transition to FollowerState(fetchTimeoutMs=2000, epoch=1006, leader=kafka-controller-3:9093 (id: 3 rack: null) voters=[1, 2, 3], highWatermark=Optional[LogOffsetMetadata(offset=45844, metadata=Optional.empty)], fetchingSnapshot=Optional.empty) from Unattached(epoch=1006, voters=[1, 2, 3], electionTimeoutMs=9223372036854775807) (org.apache.kafka.raft.QuorumState)
[2026-01-16 16:51:33,600] INFO [broker-5-to-controller-heartbeat-channel-manager]: Recorded new KRaft controller, from now on will use node kafka-controller-3:9093 (id: 3 rack: null) (kafka.server.NodeToControllerRequestThread)
[2026-01-16 16:52:49,481] INFO [RaftManager id=5] Completed transition to Unattached(epoch=1007, voters=[1, 2, 3], electionTimeoutMs=9223372036854775807) from FollowerState(fetchTimeoutMs=2000, epoch=1006, leader=kafka-controller-3:9093 (id: 3 rack: null) voters=[1, 2, 3], highWatermark=Optional[LogOffsetMetadata(offset=45962, metadata=Optional.empty)], fetchingSnapshot=Optional.empty) (org.apache.kafka.raft.QuorumState)
[2026-01-16 16:52:49,632] INFO [RaftManager id=5] Completed transition to FollowerState(fetchTimeoutMs=2000, epoch=1007, leader=kafka-controller-2:9093 (id: 2 rack: null) voters=[1, 2, 3], highWatermark=Optional[LogOffsetMetadata(offset=45962, metadata=Optional.empty)], fetchingSnapshot=Optional.empty) from Unattached(epoch=1007, voters=[1, 2, 3], electionTimeoutMs=9223372036854775807) (org.apache.kafka.raft.QuorumState)
[2026-01-16 16:52:50,440] INFO [NodeToControllerChannelManager id=5 name=heartbeat] Client requested disconnect from node 3 (org.apache.kafka.clients.NetworkClient)
[2026-01-16 16:52:50,460] INFO [broker-5-to-controller-heartbeat-channel-manager]: Recorded new KRaft controller, from now on will use node kafka-controller-2:9093 (id: 2 rack: null) (kafka.server.NodeToControllerRequestThread)
[2026-01-16 16:55:00,209] INFO [RaftManager id=5] Completed transition to Unattached(epoch=1008, voters=[1, 2, 3], electionTimeoutMs=9223372036854775807) from FollowerState(fetchTimeoutMs=2000, epoch=1007, leader=kafka-controller-2:9093 (id: 2 rack: null) voters=[1, 2, 3], highWatermark=Optional[LogOffsetMetadata(offset=46200, metadata=Optional.empty)], fetchingSnapshot=Optional.empty) (org.apache.kafka.raft.QuorumState)
[2026-01-16 16:55:00,285] INFO [RaftManager id=5] Completed transition to FollowerState(fetchTimeoutMs=2000, epoch=1008, leader=kafka-controller-1:9093 (id: 1 rack: null) voters=[1, 2, 3], highWatermark=Optional[LogOffsetMetadata(offset=46200, metadata=Optional.empty)], fetchingSnapshot=Optional.empty) from Unattached(epoch=1008, voters=[1, 2, 3], electionTimeoutMs=9223372036854775807) (org.apache.kafka.raft.QuorumState)
[2026-01-16 16:55:01,534] INFO [NodeToControllerChannelManager id=5 name=heartbeat] Client requested disconnect from node 2 (org.apache.kafka.clients.NetworkClient)
[2026-01-16 16:55:01,561] INFO [broker-5-to-controller-heartbeat-channel-manager]: Recorded new KRaft controller, from now on will use node kafka-controller-1:9093 (id: 1 rack: null) (kafka.server.NodeToControllerRequestThread)
[2026-01-16 16:56:03,263] INFO [RaftManager id=5] Completed transition to Unattached(epoch=1009, voters=[1, 2, 3], electionTimeoutMs=9223372036854775807) from FollowerState(fetchTimeoutMs=2000, epoch=1008, leader=kafka-controller-1:9093 (id: 1 rack: null) voters=[1, 2, 3], highWatermark=Optional[LogOffsetMetadata(offset=46259, metadata=Optional.empty)], fetchingSnapshot=Optional.empty) (org.apache.kafka.raft.QuorumState)
[2026-01-16 16:56:03,349] INFO [RaftManager id=5] Completed transition to FollowerState(fetchTimeoutMs=2000, epoch=1009, leader=kafka-controller-2:9093 (id: 2 rack: null) voters=[1, 2, 3], highWatermark=Optional[LogOffsetMetadata(offset=46259, metadata=Optional.empty)], fetchingSnapshot=Optional.empty) from Unattached(epoch=1009, voters=[1, 2, 3], electionTimeoutMs=9223372036854775807) (org.apache.kafka.raft.QuorumState)
[2026-01-16 16:56:03,985] INFO [NodeToControllerChannelManager id=5 name=heartbeat] Client requested disconnect from node 1 (org.apache.kafka.clients.NetworkClient)
[2026-01-16 16:56:04,026] INFO [broker-5-to-controller-heartbeat-channel-manager]: Recorded new KRaft controller, from now on will use node kafka-controller-2:9093 (id: 2 rack: null) (kafka.server.NodeToControllerRequestThread)
[2026-01-16 16:58:05,867] INFO [RaftManager id=5] Disconnecting from node 2 due to request timeout. (org.apache.kafka.clients.NetworkClient)
[2026-01-16 16:58:05,877] INFO [RaftManager id=5] Cancelled in-flight FETCH request with correlation id 46299 due to node 2 being disconnected (elapsed time since creation: 2177ms, elapsed time since send: 2177ms, throttle time: 0ms, request timeout: 2000ms) (org.apache.kafka.clients.NetworkClient)
[2026-01-16 16:58:40,296] INFO [RaftManager id=5] Completed transition to Unattached(epoch=1010, voters=[1, 2, 3], electionTimeoutMs=9223372036854775807) from FollowerState(fetchTimeoutMs=2000, epoch=1009, leader=kafka-controller-2:9093 (id: 2 rack: null) voters=[1, 2, 3], highWatermark=Optional[LogOffsetMetadata(offset=46552, metadata=Optional.empty)], fetchingSnapshot=Optional.empty) (org.apache.kafka.raft.QuorumState)
[2026-01-16 16:58:40,305] INFO [NodeToControllerChannelManager id=5 name=heartbeat] Client requested disconnect from node 2 (org.apache.kafka.clients.NetworkClient)
[2026-01-16 16:58:40,377] INFO [RaftManager id=5] Completed transition to FollowerState(fetchTimeoutMs=2000, epoch=1010, leader=kafka-controller-3:9093 (id: 3 rack: null) voters=[1, 2, 3], highWatermark=Optional[LogOffsetMetadata(offset=46552, metadata=Optional.empty)], fetchingSnapshot=Optional.empty) from Unattached(epoch=1010, voters=[1, 2, 3], electionTimeoutMs=9223372036854775807) (org.apache.kafka.raft.QuorumState)
[2026-01-16 16:58:40,416] INFO [broker-5-to-controller-heartbeat-channel-manager]: Recorded new KRaft controller, from now on will use node kafka-controller-3:9093 (id: 3 rack: null) (kafka.server.NodeToControllerRequestThread)
[2026-01-16 16:59:51,675] INFO [RaftManager id=5] Completed transition to Unattached(epoch=1011, voters=[1, 2, 3], electionTimeoutMs=9223372036854775807) from FollowerState(fetchTimeoutMs=2000, epoch=1010, leader=kafka-controller-3:9093 (id: 3 rack: null) voters=[1, 2, 3], highWatermark=Optional[LogOffsetMetadata(offset=46611, metadata=Optional.empty)], fetchingSnapshot=Optional.empty) (org.apache.kafka.raft.QuorumState)
[2026-01-16 16:59:51,731] INFO [RaftManager id=5] Completed transition to FollowerState(fetchTimeoutMs=2000, epoch=1011, leader=kafka-controller-1:9093 (id: 1 rack: null) voters=[1, 2, 3], highWatermark=Optional[LogOffsetMetadata(offset=46611, metadata=Optional.empty)], fetchingSnapshot=Optional.empty) from Unattached(epoch=1011, voters=[1, 2, 3], electionTimeoutMs=9223372036854775807) (org.apache.kafka.raft.QuorumState)
[2026-01-16 16:59:52,221] INFO [NodeToControllerChannelManager id=5 name=heartbeat] Client requested disconnect from node 3 (org.apache.kafka.clients.NetworkClient)
[2026-01-16 16:59:52,304] INFO [broker-5-to-controller-heartbeat-channel-manager]: Recorded new KRaft controller, from now on will use node kafka-controller-1:9093 (id: 1 rack: null) (kafka.server.NodeToControllerRequestThread)
