[2025-12-25 12:02:21,302] INFO [Broker id=5] Transitioning 1 partition(s) to local leaders. (state.change.logger)
[2025-12-25 12:02:21,346] INFO [Broker id=5] Creating new partition _schemas-0 with topic id 5ynfWlfWR8GWI1r7sCBFzA. (state.change.logger)
[2025-12-25 12:02:21,471] INFO [Broker id=5] Leader _schemas-0 with topic id Some(5ynfWlfWR8GWI1r7sCBFzA) starts at leader epoch 0 from offset 0 with partition epoch 0, high watermark 0, ISR [5,6,4], adding replicas [] and removing replicas [] . Previous leader None and previous leader epoch was -1. (state.change.logger)
[2025-12-25 12:02:22,745] INFO [Broker id=5] Transitioning 17 partition(s) to local leaders. (state.change.logger)
[2025-12-25 12:02:22,756] INFO [Broker id=5] Creating new partition __consumer_offsets-47 with topic id 7ynXfZBTSvqSbSTAo4jvJQ. (state.change.logger)
[2025-12-25 12:02:22,824] INFO [Broker id=5] Leader __consumer_offsets-47 with topic id Some(7ynXfZBTSvqSbSTAo4jvJQ) starts at leader epoch 0 from offset 0 with partition epoch 0, high watermark 0, ISR [5,4,6], adding replicas [] and removing replicas [] . Previous leader None and previous leader epoch was -1. (state.change.logger)
[2025-12-25 12:02:22,888] INFO [Broker id=5] Creating new partition __consumer_offsets-16 with topic id 7ynXfZBTSvqSbSTAo4jvJQ. (state.change.logger)
[2025-12-25 12:02:22,973] INFO [Broker id=5] Leader __consumer_offsets-16 with topic id Some(7ynXfZBTSvqSbSTAo4jvJQ) starts at leader epoch 0 from offset 0 with partition epoch 0, high watermark 0, ISR [5,4,6], adding replicas [] and removing replicas [] . Previous leader None and previous leader epoch was -1. (state.change.logger)
[2025-12-25 12:02:22,997] INFO [Broker id=5] Creating new partition __consumer_offsets-12 with topic id 7ynXfZBTSvqSbSTAo4jvJQ. (state.change.logger)
[2025-12-25 12:02:23,039] INFO [Broker id=5] Leader __consumer_offsets-12 with topic id Some(7ynXfZBTSvqSbSTAo4jvJQ) starts at leader epoch 0 from offset 0 with partition epoch 0, high watermark 0, ISR [5,6,4], adding replicas [] and removing replicas [] . Previous leader None and previous leader epoch was -1. (state.change.logger)
[2025-12-25 12:02:23,047] INFO [Broker id=5] Creating new partition __consumer_offsets-44 with topic id 7ynXfZBTSvqSbSTAo4jvJQ. (state.change.logger)
[2025-12-25 12:02:23,070] INFO [Broker id=5] Leader __consumer_offsets-44 with topic id Some(7ynXfZBTSvqSbSTAo4jvJQ) starts at leader epoch 0 from offset 0 with partition epoch 0, high watermark 0, ISR [5,6,4], adding replicas [] and removing replicas [] . Previous leader None and previous leader epoch was -1. (state.change.logger)
[2025-12-25 12:02:23,092] INFO [Broker id=5] Creating new partition __consumer_offsets-41 with topic id 7ynXfZBTSvqSbSTAo4jvJQ. (state.change.logger)
[2025-12-25 12:02:23,099] INFO [Broker id=5] Leader __consumer_offsets-41 with topic id Some(7ynXfZBTSvqSbSTAo4jvJQ) starts at leader epoch 0 from offset 0 with partition epoch 0, high watermark 0, ISR [5,4,6], adding replicas [] and removing replicas [] . Previous leader None and previous leader epoch was -1. (state.change.logger)
[2025-12-25 12:02:23,133] INFO [Broker id=5] Creating new partition __consumer_offsets-10 with topic id 7ynXfZBTSvqSbSTAo4jvJQ. (state.change.logger)
[2025-12-25 12:02:23,153] INFO [Broker id=5] Leader __consumer_offsets-10 with topic id Some(7ynXfZBTSvqSbSTAo4jvJQ) starts at leader epoch 0 from offset 0 with partition epoch 0, high watermark 0, ISR [5,6,4], adding replicas [] and removing replicas [] . Previous leader None and previous leader epoch was -1. (state.change.logger)
[2025-12-25 12:02:23,161] INFO [Broker id=5] Creating new partition __consumer_offsets-23 with topic id 7ynXfZBTSvqSbSTAo4jvJQ. (state.change.logger)
[2025-12-25 12:02:23,172] INFO [Broker id=5] Leader __consumer_offsets-23 with topic id Some(7ynXfZBTSvqSbSTAo4jvJQ) starts at leader epoch 0 from offset 0 with partition epoch 0, high watermark 0, ISR [5,4,6], adding replicas [] and removing replicas [] . Previous leader None and previous leader epoch was -1. (state.change.logger)
[2025-12-25 12:02:23,180] INFO [Broker id=5] Creating new partition __consumer_offsets-20 with topic id 7ynXfZBTSvqSbSTAo4jvJQ. (state.change.logger)
[2025-12-25 12:02:23,195] INFO [Broker id=5] Leader __consumer_offsets-20 with topic id Some(7ynXfZBTSvqSbSTAo4jvJQ) starts at leader epoch 0 from offset 0 with partition epoch 0, high watermark 0, ISR [5,6,4], adding replicas [] and removing replicas [] . Previous leader None and previous leader epoch was -1. (state.change.logger)
[2025-12-25 12:02:23,205] INFO [Broker id=5] Creating new partition __consumer_offsets-49 with topic id 7ynXfZBTSvqSbSTAo4jvJQ. (state.change.logger)
[2025-12-25 12:02:23,233] INFO [Broker id=5] Leader __consumer_offsets-49 with topic id Some(7ynXfZBTSvqSbSTAo4jvJQ) starts at leader epoch 0 from offset 0 with partition epoch 0, high watermark 0, ISR [5,4,6], adding replicas [] and removing replicas [] . Previous leader None and previous leader epoch was -1. (state.change.logger)
[2025-12-25 12:02:23,252] INFO [Broker id=5] Creating new partition __consumer_offsets-31 with topic id 7ynXfZBTSvqSbSTAo4jvJQ. (state.change.logger)
[2025-12-25 12:02:23,271] INFO [Broker id=5] Leader __consumer_offsets-31 with topic id Some(7ynXfZBTSvqSbSTAo4jvJQ) starts at leader epoch 0 from offset 0 with partition epoch 0, high watermark 0, ISR [5,6,4], adding replicas [] and removing replicas [] . Previous leader None and previous leader epoch was -1. (state.change.logger)
[2025-12-25 12:02:23,288] INFO [Broker id=5] Creating new partition __consumer_offsets-0 with topic id 7ynXfZBTSvqSbSTAo4jvJQ. (state.change.logger)
[2025-12-25 12:02:23,302] INFO [Broker id=5] Leader __consumer_offsets-0 with topic id Some(7ynXfZBTSvqSbSTAo4jvJQ) starts at leader epoch 0 from offset 0 with partition epoch 0, high watermark 0, ISR [5,6,4], adding replicas [] and removing replicas [] . Previous leader None and previous leader epoch was -1. (state.change.logger)
[2025-12-25 12:02:23,312] INFO [Broker id=5] Creating new partition __consumer_offsets-27 with topic id 7ynXfZBTSvqSbSTAo4jvJQ. (state.change.logger)
[2025-12-25 12:02:23,319] INFO [Broker id=5] Leader __consumer_offsets-27 with topic id Some(7ynXfZBTSvqSbSTAo4jvJQ) starts at leader epoch 0 from offset 0 with partition epoch 0, high watermark 0, ISR [5,6,4], adding replicas [] and removing replicas [] . Previous leader None and previous leader epoch was -1. (state.change.logger)
[2025-12-25 12:02:23,329] INFO [Broker id=5] Creating new partition __consumer_offsets-25 with topic id 7ynXfZBTSvqSbSTAo4jvJQ. (state.change.logger)
[2025-12-25 12:02:23,339] INFO [Broker id=5] Leader __consumer_offsets-25 with topic id Some(7ynXfZBTSvqSbSTAo4jvJQ) starts at leader epoch 0 from offset 0 with partition epoch 0, high watermark 0, ISR [5,6,4], adding replicas [] and removing replicas [] . Previous leader None and previous leader epoch was -1. (state.change.logger)
[2025-12-25 12:02:23,344] INFO [Broker id=5] Creating new partition __consumer_offsets-5 with topic id 7ynXfZBTSvqSbSTAo4jvJQ. (state.change.logger)
[2025-12-25 12:02:23,352] INFO [Broker id=5] Leader __consumer_offsets-5 with topic id Some(7ynXfZBTSvqSbSTAo4jvJQ) starts at leader epoch 0 from offset 0 with partition epoch 0, high watermark 0, ISR [5,6,4], adding replicas [] and removing replicas [] . Previous leader None and previous leader epoch was -1. (state.change.logger)
[2025-12-25 12:02:23,358] INFO [Broker id=5] Creating new partition __consumer_offsets-37 with topic id 7ynXfZBTSvqSbSTAo4jvJQ. (state.change.logger)
[2025-12-25 12:02:23,365] INFO [Broker id=5] Leader __consumer_offsets-37 with topic id Some(7ynXfZBTSvqSbSTAo4jvJQ) starts at leader epoch 0 from offset 0 with partition epoch 0, high watermark 0, ISR [5,6,4], adding replicas [] and removing replicas [] . Previous leader None and previous leader epoch was -1. (state.change.logger)
[2025-12-25 12:02:23,372] INFO [Broker id=5] Creating new partition __consumer_offsets-6 with topic id 7ynXfZBTSvqSbSTAo4jvJQ. (state.change.logger)
[2025-12-25 12:02:23,390] INFO [Broker id=5] Leader __consumer_offsets-6 with topic id Some(7ynXfZBTSvqSbSTAo4jvJQ) starts at leader epoch 0 from offset 0 with partition epoch 0, high watermark 0, ISR [5,6,4], adding replicas [] and removing replicas [] . Previous leader None and previous leader epoch was -1. (state.change.logger)
[2025-12-25 12:02:23,400] INFO [Broker id=5] Creating new partition __consumer_offsets-33 with topic id 7ynXfZBTSvqSbSTAo4jvJQ. (state.change.logger)
[2025-12-25 12:02:23,410] INFO [Broker id=5] Leader __consumer_offsets-33 with topic id Some(7ynXfZBTSvqSbSTAo4jvJQ) starts at leader epoch 0 from offset 0 with partition epoch 0, high watermark 0, ISR [5,6,4], adding replicas [] and removing replicas [] . Previous leader None and previous leader epoch was -1. (state.change.logger)
[2025-12-25 12:02:23,423] INFO [Broker id=5] Transitioning 33 partition(s) to local followers. (state.change.logger)
[2025-12-25 12:02:23,430] INFO [Broker id=5] Creating new partition __consumer_offsets-15 with topic id 7ynXfZBTSvqSbSTAo4jvJQ. (state.change.logger)
[2025-12-25 12:02:23,454] INFO [Broker id=5] Follower __consumer_offsets-15 starts at leader epoch 0 from offset 0 with partition epoch 0 and high watermark 0. Current leader is 6. Previous leader Some(6) and previous leader epoch was 0. (state.change.logger)
[2025-12-25 12:02:23,454] INFO [Broker id=5] Creating new partition __consumer_offsets-48 with topic id 7ynXfZBTSvqSbSTAo4jvJQ. (state.change.logger)
[2025-12-25 12:02:23,467] INFO [Broker id=5] Follower __consumer_offsets-48 starts at leader epoch 0 from offset 0 with partition epoch 0 and high watermark 0. Current leader is 6. Previous leader Some(6) and previous leader epoch was 0. (state.change.logger)
[2025-12-25 12:02:23,468] INFO [Broker id=5] Creating new partition __consumer_offsets-13 with topic id 7ynXfZBTSvqSbSTAo4jvJQ. (state.change.logger)
[2025-12-25 12:02:23,478] INFO [Broker id=5] Follower __consumer_offsets-13 starts at leader epoch 0 from offset 0 with partition epoch 0 and high watermark 0. Current leader is 6. Previous leader Some(6) and previous leader epoch was 0. (state.change.logger)
[2025-12-25 12:02:23,478] INFO [Broker id=5] Creating new partition __consumer_offsets-46 with topic id 7ynXfZBTSvqSbSTAo4jvJQ. (state.change.logger)
[2025-12-25 12:02:23,502] INFO [Broker id=5] Follower __consumer_offsets-46 starts at leader epoch 0 from offset 0 with partition epoch 0 and high watermark 0. Current leader is 6. Previous leader Some(6) and previous leader epoch was 0. (state.change.logger)
[2025-12-25 12:02:23,502] INFO [Broker id=5] Creating new partition __consumer_offsets-11 with topic id 7ynXfZBTSvqSbSTAo4jvJQ. (state.change.logger)
[2025-12-25 12:02:23,511] INFO [Broker id=5] Follower __consumer_offsets-11 starts at leader epoch 0 from offset 0 with partition epoch 0 and high watermark 0. Current leader is 6. Previous leader Some(6) and previous leader epoch was 0. (state.change.logger)
[2025-12-25 12:02:23,511] INFO [Broker id=5] Creating new partition __consumer_offsets-9 with topic id 7ynXfZBTSvqSbSTAo4jvJQ. (state.change.logger)
[2025-12-25 12:02:23,529] INFO [Broker id=5] Follower __consumer_offsets-9 starts at leader epoch 0 from offset 0 with partition epoch 0 and high watermark 0. Current leader is 4. Previous leader Some(4) and previous leader epoch was 0. (state.change.logger)
[2025-12-25 12:02:23,532] INFO [Broker id=5] Creating new partition __consumer_offsets-42 with topic id 7ynXfZBTSvqSbSTAo4jvJQ. (state.change.logger)
[2025-12-25 12:02:23,549] INFO [Broker id=5] Follower __consumer_offsets-42 starts at leader epoch 0 from offset 0 with partition epoch 0 and high watermark 0. Current leader is 6. Previous leader Some(6) and previous leader epoch was 0. (state.change.logger)
[2025-12-25 12:02:23,551] INFO [Broker id=5] Creating new partition __consumer_offsets-21 with topic id 7ynXfZBTSvqSbSTAo4jvJQ. (state.change.logger)
[2025-12-25 12:02:23,575] INFO [Broker id=5] Follower __consumer_offsets-21 starts at leader epoch 0 from offset 0 with partition epoch 0 and high watermark 0. Current leader is 4. Previous leader Some(4) and previous leader epoch was 0. (state.change.logger)
[2025-12-25 12:02:23,579] INFO [Broker id=5] Creating new partition __consumer_offsets-19 with topic id 7ynXfZBTSvqSbSTAo4jvJQ. (state.change.logger)
[2025-12-25 12:02:23,622] INFO [Broker id=5] Follower __consumer_offsets-19 starts at leader epoch 0 from offset 0 with partition epoch 0 and high watermark 0. Current leader is 4. Previous leader Some(4) and previous leader epoch was 0. (state.change.logger)
[2025-12-25 12:02:23,622] INFO [Broker id=5] Creating new partition __consumer_offsets-17 with topic id 7ynXfZBTSvqSbSTAo4jvJQ. (state.change.logger)
[2025-12-25 12:02:23,633] INFO [Broker id=5] Follower __consumer_offsets-17 starts at leader epoch 0 from offset 0 with partition epoch 0 and high watermark 0. Current leader is 4. Previous leader Some(4) and previous leader epoch was 0. (state.change.logger)
[2025-12-25 12:02:23,634] INFO [Broker id=5] Creating new partition __consumer_offsets-32 with topic id 7ynXfZBTSvqSbSTAo4jvJQ. (state.change.logger)
[2025-12-25 12:02:23,645] INFO [Broker id=5] Follower __consumer_offsets-32 starts at leader epoch 0 from offset 0 with partition epoch 0 and high watermark 0. Current leader is 6. Previous leader Some(6) and previous leader epoch was 0. (state.change.logger)
[2025-12-25 12:02:23,646] INFO [Broker id=5] Creating new partition __consumer_offsets-30 with topic id 7ynXfZBTSvqSbSTAo4jvJQ. (state.change.logger)
[2025-12-25 12:02:23,652] INFO [Broker id=5] Follower __consumer_offsets-30 starts at leader epoch 0 from offset 0 with partition epoch 0 and high watermark 0. Current leader is 4. Previous leader Some(4) and previous leader epoch was 0. (state.change.logger)
[2025-12-25 12:02:23,652] INFO [Broker id=5] Creating new partition __consumer_offsets-28 with topic id 7ynXfZBTSvqSbSTAo4jvJQ. (state.change.logger)
[2025-12-25 12:02:23,664] INFO [Broker id=5] Follower __consumer_offsets-28 starts at leader epoch 0 from offset 0 with partition epoch 0 and high watermark 0. Current leader is 6. Previous leader Some(6) and previous leader epoch was 0. (state.change.logger)
[2025-12-25 12:02:23,665] INFO [Broker id=5] Creating new partition __consumer_offsets-26 with topic id 7ynXfZBTSvqSbSTAo4jvJQ. (state.change.logger)
[2025-12-25 12:02:23,677] INFO [Broker id=5] Follower __consumer_offsets-26 starts at leader epoch 0 from offset 0 with partition epoch 0 and high watermark 0. Current leader is 6. Previous leader Some(6) and previous leader epoch was 0. (state.change.logger)
[2025-12-25 12:02:23,677] INFO [Broker id=5] Creating new partition __consumer_offsets-7 with topic id 7ynXfZBTSvqSbSTAo4jvJQ. (state.change.logger)
[2025-12-25 12:02:23,691] INFO [Broker id=5] Follower __consumer_offsets-7 starts at leader epoch 0 from offset 0 with partition epoch 0 and high watermark 0. Current leader is 6. Previous leader Some(6) and previous leader epoch was 0. (state.change.logger)
[2025-12-25 12:02:23,691] INFO [Broker id=5] Creating new partition __consumer_offsets-40 with topic id 7ynXfZBTSvqSbSTAo4jvJQ. (state.change.logger)
[2025-12-25 12:02:23,697] INFO [Broker id=5] Follower __consumer_offsets-40 starts at leader epoch 0 from offset 0 with partition epoch 0 and high watermark 0. Current leader is 6. Previous leader Some(6) and previous leader epoch was 0. (state.change.logger)
[2025-12-25 12:02:23,698] INFO [Broker id=5] Creating new partition __consumer_offsets-38 with topic id 7ynXfZBTSvqSbSTAo4jvJQ. (state.change.logger)
[2025-12-25 12:02:23,707] INFO [Broker id=5] Follower __consumer_offsets-38 starts at leader epoch 0 from offset 0 with partition epoch 0 and high watermark 0. Current leader is 6. Previous leader Some(6) and previous leader epoch was 0. (state.change.logger)
[2025-12-25 12:02:23,708] INFO [Broker id=5] Creating new partition __consumer_offsets-3 with topic id 7ynXfZBTSvqSbSTAo4jvJQ. (state.change.logger)
[2025-12-25 12:02:23,714] INFO [Broker id=5] Follower __consumer_offsets-3 starts at leader epoch 0 from offset 0 with partition epoch 0 and high watermark 0. Current leader is 6. Previous leader Some(6) and previous leader epoch was 0. (state.change.logger)
[2025-12-25 12:02:23,714] INFO [Broker id=5] Creating new partition __consumer_offsets-36 with topic id 7ynXfZBTSvqSbSTAo4jvJQ. (state.change.logger)
[2025-12-25 12:02:23,720] INFO [Broker id=5] Follower __consumer_offsets-36 starts at leader epoch 0 from offset 0 with partition epoch 0 and high watermark 0. Current leader is 4. Previous leader Some(4) and previous leader epoch was 0. (state.change.logger)
[2025-12-25 12:02:23,721] INFO [Broker id=5] Creating new partition __consumer_offsets-1 with topic id 7ynXfZBTSvqSbSTAo4jvJQ. (state.change.logger)
[2025-12-25 12:02:23,760] INFO [Broker id=5] Follower __consumer_offsets-1 starts at leader epoch 0 from offset 0 with partition epoch 0 and high watermark 0. Current leader is 6. Previous leader Some(6) and previous leader epoch was 0. (state.change.logger)
[2025-12-25 12:02:23,762] INFO [Broker id=5] Creating new partition __consumer_offsets-34 with topic id 7ynXfZBTSvqSbSTAo4jvJQ. (state.change.logger)
[2025-12-25 12:02:23,775] INFO [Broker id=5] Follower __consumer_offsets-34 starts at leader epoch 0 from offset 0 with partition epoch 0 and high watermark 0. Current leader is 6. Previous leader Some(6) and previous leader epoch was 0. (state.change.logger)
[2025-12-25 12:02:23,775] INFO [Broker id=5] Creating new partition __consumer_offsets-45 with topic id 7ynXfZBTSvqSbSTAo4jvJQ. (state.change.logger)
[2025-12-25 12:02:23,781] INFO [Broker id=5] Follower __consumer_offsets-45 starts at leader epoch 0 from offset 0 with partition epoch 0 and high watermark 0. Current leader is 4. Previous leader Some(4) and previous leader epoch was 0. (state.change.logger)
[2025-12-25 12:02:23,781] INFO [Broker id=5] Creating new partition __consumer_offsets-14 with topic id 7ynXfZBTSvqSbSTAo4jvJQ. (state.change.logger)
[2025-12-25 12:02:23,796] INFO [Broker id=5] Follower __consumer_offsets-14 starts at leader epoch 0 from offset 0 with partition epoch 0 and high watermark 0. Current leader is 4. Previous leader Some(4) and previous leader epoch was 0. (state.change.logger)
[2025-12-25 12:02:23,796] INFO [Broker id=5] Creating new partition __consumer_offsets-43 with topic id 7ynXfZBTSvqSbSTAo4jvJQ. (state.change.logger)
[2025-12-25 12:02:23,804] INFO [Broker id=5] Follower __consumer_offsets-43 starts at leader epoch 0 from offset 0 with partition epoch 0 and high watermark 0. Current leader is 4. Previous leader Some(4) and previous leader epoch was 0. (state.change.logger)
[2025-12-25 12:02:23,804] INFO [Broker id=5] Creating new partition __consumer_offsets-24 with topic id 7ynXfZBTSvqSbSTAo4jvJQ. (state.change.logger)
[2025-12-25 12:02:23,820] INFO [Broker id=5] Follower __consumer_offsets-24 starts at leader epoch 0 from offset 0 with partition epoch 0 and high watermark 0. Current leader is 4. Previous leader Some(4) and previous leader epoch was 0. (state.change.logger)
[2025-12-25 12:02:23,820] INFO [Broker id=5] Creating new partition __consumer_offsets-22 with topic id 7ynXfZBTSvqSbSTAo4jvJQ. (state.change.logger)
[2025-12-25 12:02:23,827] INFO [Broker id=5] Follower __consumer_offsets-22 starts at leader epoch 0 from offset 0 with partition epoch 0 and high watermark 0. Current leader is 6. Previous leader Some(6) and previous leader epoch was 0. (state.change.logger)
[2025-12-25 12:02:23,827] INFO [Broker id=5] Creating new partition __consumer_offsets-18 with topic id 7ynXfZBTSvqSbSTAo4jvJQ. (state.change.logger)
[2025-12-25 12:02:23,833] INFO [Broker id=5] Follower __consumer_offsets-18 starts at leader epoch 0 from offset 0 with partition epoch 0 and high watermark 0. Current leader is 6. Previous leader Some(6) and previous leader epoch was 0. (state.change.logger)
[2025-12-25 12:02:23,834] INFO [Broker id=5] Creating new partition __consumer_offsets-29 with topic id 7ynXfZBTSvqSbSTAo4jvJQ. (state.change.logger)
[2025-12-25 12:02:23,842] INFO [Broker id=5] Follower __consumer_offsets-29 starts at leader epoch 0 from offset 0 with partition epoch 0 and high watermark 0. Current leader is 4. Previous leader Some(4) and previous leader epoch was 0. (state.change.logger)
[2025-12-25 12:02:23,843] INFO [Broker id=5] Creating new partition __consumer_offsets-39 with topic id 7ynXfZBTSvqSbSTAo4jvJQ. (state.change.logger)
[2025-12-25 12:02:23,851] INFO [Broker id=5] Follower __consumer_offsets-39 starts at leader epoch 0 from offset 0 with partition epoch 0 and high watermark 0. Current leader is 4. Previous leader Some(4) and previous leader epoch was 0. (state.change.logger)
[2025-12-25 12:02:23,852] INFO [Broker id=5] Creating new partition __consumer_offsets-8 with topic id 7ynXfZBTSvqSbSTAo4jvJQ. (state.change.logger)
[2025-12-25 12:02:23,858] INFO [Broker id=5] Follower __consumer_offsets-8 starts at leader epoch 0 from offset 0 with partition epoch 0 and high watermark 0. Current leader is 4. Previous leader Some(4) and previous leader epoch was 0. (state.change.logger)
[2025-12-25 12:02:23,859] INFO [Broker id=5] Creating new partition __consumer_offsets-35 with topic id 7ynXfZBTSvqSbSTAo4jvJQ. (state.change.logger)
[2025-12-25 12:02:23,864] INFO [Broker id=5] Follower __consumer_offsets-35 starts at leader epoch 0 from offset 0 with partition epoch 0 and high watermark 0. Current leader is 4. Previous leader Some(4) and previous leader epoch was 0. (state.change.logger)
[2025-12-25 12:02:23,864] INFO [Broker id=5] Creating new partition __consumer_offsets-4 with topic id 7ynXfZBTSvqSbSTAo4jvJQ. (state.change.logger)
[2025-12-25 12:02:23,882] INFO [Broker id=5] Follower __consumer_offsets-4 starts at leader epoch 0 from offset 0 with partition epoch 0 and high watermark 0. Current leader is 4. Previous leader Some(4) and previous leader epoch was 0. (state.change.logger)
[2025-12-25 12:02:23,883] INFO [Broker id=5] Creating new partition __consumer_offsets-2 with topic id 7ynXfZBTSvqSbSTAo4jvJQ. (state.change.logger)
[2025-12-25 12:02:23,890] INFO [Broker id=5] Follower __consumer_offsets-2 starts at leader epoch 0 from offset 0 with partition epoch 0 and high watermark 0. Current leader is 4. Previous leader Some(4) and previous leader epoch was 0. (state.change.logger)
[2025-12-25 12:02:23,891] INFO [Broker id=5] Stopped fetchers as part of become-follower for 33 partitions (state.change.logger)
[2025-12-25 12:02:23,936] INFO [Broker id=5] Started fetchers as part of become-follower for 33 partitions (state.change.logger)
[2025-12-25 12:57:55,714] INFO [Broker id=5] Transitioning 1 partition(s) to local leaders. (state.change.logger)
[2025-12-25 12:57:55,722] INFO [Broker id=5] Creating new partition _schemas-0 with topic id wkzSqzyiRv-1bUOz43_kpQ. (state.change.logger)
[2025-12-25 12:57:55,798] INFO [Broker id=5] Leader _schemas-0 with topic id Some(wkzSqzyiRv-1bUOz43_kpQ) starts at leader epoch 0 from offset 0 with partition epoch 0, high watermark 0, ISR [5,6,4], adding replicas [] and removing replicas [] . Previous leader None and previous leader epoch was -1. (state.change.logger)
[2025-12-25 12:57:57,234] INFO [Broker id=5] Transitioning 17 partition(s) to local leaders. (state.change.logger)
[2025-12-25 12:57:57,236] INFO [Broker id=5] Creating new partition __consumer_offsets-47 with topic id ue_8SQUBS_2rDuQWfoEGdw. (state.change.logger)
[2025-12-25 12:57:57,254] INFO [Broker id=5] Leader __consumer_offsets-47 with topic id Some(ue_8SQUBS_2rDuQWfoEGdw) starts at leader epoch 0 from offset 0 with partition epoch 0, high watermark 0, ISR [5,4,6], adding replicas [] and removing replicas [] . Previous leader None and previous leader epoch was -1. (state.change.logger)
[2025-12-25 12:57:57,268] INFO [Broker id=5] Creating new partition __consumer_offsets-16 with topic id ue_8SQUBS_2rDuQWfoEGdw. (state.change.logger)
[2025-12-25 12:57:57,322] INFO [Broker id=5] Leader __consumer_offsets-16 with topic id Some(ue_8SQUBS_2rDuQWfoEGdw) starts at leader epoch 0 from offset 0 with partition epoch 0, high watermark 0, ISR [5,6,4], adding replicas [] and removing replicas [] . Previous leader None and previous leader epoch was -1. (state.change.logger)
[2025-12-25 12:57:57,340] INFO [Broker id=5] Creating new partition __consumer_offsets-43 with topic id ue_8SQUBS_2rDuQWfoEGdw. (state.change.logger)
[2025-12-25 12:57:57,364] INFO [Broker id=5] Leader __consumer_offsets-43 with topic id Some(ue_8SQUBS_2rDuQWfoEGdw) starts at leader epoch 0 from offset 0 with partition epoch 0, high watermark 0, ISR [5,6,4], adding replicas [] and removing replicas [] . Previous leader None and previous leader epoch was -1. (state.change.logger)
[2025-12-25 12:57:57,375] INFO [Broker id=5] Creating new partition __consumer_offsets-12 with topic id ue_8SQUBS_2rDuQWfoEGdw. (state.change.logger)
[2025-12-25 12:57:57,399] INFO [Broker id=5] Leader __consumer_offsets-12 with topic id Some(ue_8SQUBS_2rDuQWfoEGdw) starts at leader epoch 0 from offset 0 with partition epoch 0, high watermark 0, ISR [5,6,4], adding replicas [] and removing replicas [] . Previous leader None and previous leader epoch was -1. (state.change.logger)
[2025-12-25 12:57:57,407] INFO [Broker id=5] Creating new partition __consumer_offsets-9 with topic id ue_8SQUBS_2rDuQWfoEGdw. (state.change.logger)
[2025-12-25 12:57:57,423] INFO [Broker id=5] Leader __consumer_offsets-9 with topic id Some(ue_8SQUBS_2rDuQWfoEGdw) starts at leader epoch 0 from offset 0 with partition epoch 0, high watermark 0, ISR [5,4,6], adding replicas [] and removing replicas [] . Previous leader None and previous leader epoch was -1. (state.change.logger)
[2025-12-25 12:57:57,434] INFO [Broker id=5] Creating new partition __consumer_offsets-41 with topic id ue_8SQUBS_2rDuQWfoEGdw. (state.change.logger)
[2025-12-25 12:57:57,481] INFO [Broker id=5] Leader __consumer_offsets-41 with topic id Some(ue_8SQUBS_2rDuQWfoEGdw) starts at leader epoch 0 from offset 0 with partition epoch 0, high watermark 0, ISR [5,4,6], adding replicas [] and removing replicas [] . Previous leader None and previous leader epoch was -1. (state.change.logger)
[2025-12-25 12:57:57,486] INFO [Broker id=5] Creating new partition __consumer_offsets-22 with topic id ue_8SQUBS_2rDuQWfoEGdw. (state.change.logger)
[2025-12-25 12:57:57,510] INFO [Broker id=5] Leader __consumer_offsets-22 with topic id Some(ue_8SQUBS_2rDuQWfoEGdw) starts at leader epoch 0 from offset 0 with partition epoch 0, high watermark 0, ISR [5,4,6], adding replicas [] and removing replicas [] . Previous leader None and previous leader epoch was -1. (state.change.logger)
[2025-12-25 12:57:57,543] INFO [Broker id=5] Creating new partition __consumer_offsets-49 with topic id ue_8SQUBS_2rDuQWfoEGdw. (state.change.logger)
[2025-12-25 12:57:57,634] INFO [Broker id=5] Leader __consumer_offsets-49 with topic id Some(ue_8SQUBS_2rDuQWfoEGdw) starts at leader epoch 0 from offset 0 with partition epoch 0, high watermark 0, ISR [5,6,4], adding replicas [] and removing replicas [] . Previous leader None and previous leader epoch was -1. (state.change.logger)
[2025-12-25 12:57:57,652] INFO [Broker id=5] Creating new partition __consumer_offsets-18 with topic id ue_8SQUBS_2rDuQWfoEGdw. (state.change.logger)
[2025-12-25 12:57:57,670] INFO [Broker id=5] Leader __consumer_offsets-18 with topic id Some(ue_8SQUBS_2rDuQWfoEGdw) starts at leader epoch 0 from offset 0 with partition epoch 0, high watermark 0, ISR [5,4,6], adding replicas [] and removing replicas [] . Previous leader None and previous leader epoch was -1. (state.change.logger)
[2025-12-25 12:57:57,678] INFO [Broker id=5] Creating new partition __consumer_offsets-31 with topic id ue_8SQUBS_2rDuQWfoEGdw. (state.change.logger)
[2025-12-25 12:57:57,714] INFO [Broker id=5] Leader __consumer_offsets-31 with topic id Some(ue_8SQUBS_2rDuQWfoEGdw) starts at leader epoch 0 from offset 0 with partition epoch 0, high watermark 0, ISR [5,6,4], adding replicas [] and removing replicas [] . Previous leader None and previous leader epoch was -1. (state.change.logger)
[2025-12-25 12:57:57,722] INFO [Broker id=5] Creating new partition __consumer_offsets-0 with topic id ue_8SQUBS_2rDuQWfoEGdw. (state.change.logger)
[2025-12-25 12:57:57,739] INFO [Broker id=5] Leader __consumer_offsets-0 with topic id Some(ue_8SQUBS_2rDuQWfoEGdw) starts at leader epoch 0 from offset 0 with partition epoch 0, high watermark 0, ISR [5,6,4], adding replicas [] and removing replicas [] . Previous leader None and previous leader epoch was -1. (state.change.logger)
[2025-12-25 12:57:57,753] INFO [Broker id=5] Creating new partition __consumer_offsets-29 with topic id ue_8SQUBS_2rDuQWfoEGdw. (state.change.logger)
[2025-12-25 12:57:57,771] INFO [Broker id=5] Leader __consumer_offsets-29 with topic id Some(ue_8SQUBS_2rDuQWfoEGdw) starts at leader epoch 0 from offset 0 with partition epoch 0, high watermark 0, ISR [5,6,4], adding replicas [] and removing replicas [] . Previous leader None and previous leader epoch was -1. (state.change.logger)
[2025-12-25 12:57:57,786] INFO [Broker id=5] Creating new partition __consumer_offsets-26 with topic id ue_8SQUBS_2rDuQWfoEGdw. (state.change.logger)
[2025-12-25 12:57:57,804] INFO [Broker id=5] Leader __consumer_offsets-26 with topic id Some(ue_8SQUBS_2rDuQWfoEGdw) starts at leader epoch 0 from offset 0 with partition epoch 0, high watermark 0, ISR [5,6,4], adding replicas [] and removing replicas [] . Previous leader None and previous leader epoch was -1. (state.change.logger)
[2025-12-25 12:57:57,817] INFO [Broker id=5] Creating new partition __consumer_offsets-8 with topic id ue_8SQUBS_2rDuQWfoEGdw. (state.change.logger)
[2025-12-25 12:57:57,838] INFO [Broker id=5] Leader __consumer_offsets-8 with topic id Some(ue_8SQUBS_2rDuQWfoEGdw) starts at leader epoch 0 from offset 0 with partition epoch 0, high watermark 0, ISR [5,4,6], adding replicas [] and removing replicas [] . Previous leader None and previous leader epoch was -1. (state.change.logger)
[2025-12-25 12:57:57,850] INFO [Broker id=5] Creating new partition __consumer_offsets-5 with topic id ue_8SQUBS_2rDuQWfoEGdw. (state.change.logger)
[2025-12-25 12:57:57,915] INFO [Broker id=5] Leader __consumer_offsets-5 with topic id Some(ue_8SQUBS_2rDuQWfoEGdw) starts at leader epoch 0 from offset 0 with partition epoch 0, high watermark 0, ISR [5,4,6], adding replicas [] and removing replicas [] . Previous leader None and previous leader epoch was -1. (state.change.logger)
[2025-12-25 12:57:57,948] INFO [Broker id=5] Creating new partition __consumer_offsets-36 with topic id ue_8SQUBS_2rDuQWfoEGdw. (state.change.logger)
[2025-12-25 12:57:58,011] INFO [Broker id=5] Leader __consumer_offsets-36 with topic id Some(ue_8SQUBS_2rDuQWfoEGdw) starts at leader epoch 0 from offset 0 with partition epoch 0, high watermark 0, ISR [5,6,4], adding replicas [] and removing replicas [] . Previous leader None and previous leader epoch was -1. (state.change.logger)
[2025-12-25 12:57:58,068] INFO [Broker id=5] Creating new partition __consumer_offsets-34 with topic id ue_8SQUBS_2rDuQWfoEGdw. (state.change.logger)
[2025-12-25 12:57:58,088] INFO [Broker id=5] Leader __consumer_offsets-34 with topic id Some(ue_8SQUBS_2rDuQWfoEGdw) starts at leader epoch 0 from offset 0 with partition epoch 0, high watermark 0, ISR [5,6,4], adding replicas [] and removing replicas [] . Previous leader None and previous leader epoch was -1. (state.change.logger)
[2025-12-25 12:57:58,118] INFO [Broker id=5] Transitioning 33 partition(s) to local followers. (state.change.logger)
[2025-12-25 12:57:58,123] INFO [Broker id=5] Creating new partition __consumer_offsets-15 with topic id ue_8SQUBS_2rDuQWfoEGdw. (state.change.logger)
[2025-12-25 12:57:58,196] INFO [Broker id=5] Follower __consumer_offsets-15 starts at leader epoch 0 from offset 0 with partition epoch 0 and high watermark 0. Current leader is 4. Previous leader Some(4) and previous leader epoch was 0. (state.change.logger)
[2025-12-25 12:57:58,197] INFO [Broker id=5] Creating new partition __consumer_offsets-48 with topic id ue_8SQUBS_2rDuQWfoEGdw. (state.change.logger)
[2025-12-25 12:57:58,206] INFO [Broker id=5] Follower __consumer_offsets-48 starts at leader epoch 0 from offset 0 with partition epoch 0 and high watermark 0. Current leader is 4. Previous leader Some(4) and previous leader epoch was 0. (state.change.logger)
[2025-12-25 12:57:58,206] INFO [Broker id=5] Creating new partition __consumer_offsets-13 with topic id ue_8SQUBS_2rDuQWfoEGdw. (state.change.logger)
[2025-12-25 12:57:58,213] INFO [Broker id=5] Follower __consumer_offsets-13 starts at leader epoch 0 from offset 0 with partition epoch 0 and high watermark 0. Current leader is 6. Previous leader Some(6) and previous leader epoch was 0. (state.change.logger)
[2025-12-25 12:57:58,214] INFO [Broker id=5] Creating new partition __consumer_offsets-46 with topic id ue_8SQUBS_2rDuQWfoEGdw. (state.change.logger)
[2025-12-25 12:57:58,229] INFO [Broker id=5] Follower __consumer_offsets-46 starts at leader epoch 0 from offset 0 with partition epoch 0 and high watermark 0. Current leader is 6. Previous leader Some(6) and previous leader epoch was 0. (state.change.logger)
[2025-12-25 12:57:58,229] INFO [Broker id=5] Creating new partition __consumer_offsets-11 with topic id ue_8SQUBS_2rDuQWfoEGdw. (state.change.logger)
[2025-12-25 12:57:58,272] INFO [Broker id=5] Follower __consumer_offsets-11 starts at leader epoch 0 from offset 0 with partition epoch 0 and high watermark 0. Current leader is 6. Previous leader Some(6) and previous leader epoch was 0. (state.change.logger)
[2025-12-25 12:57:58,273] INFO [Broker id=5] Creating new partition __consumer_offsets-44 with topic id ue_8SQUBS_2rDuQWfoEGdw. (state.change.logger)
[2025-12-25 12:57:58,298] INFO [Broker id=5] Follower __consumer_offsets-44 starts at leader epoch 0 from offset 0 with partition epoch 0 and high watermark 0. Current leader is 6. Previous leader Some(6) and previous leader epoch was 0. (state.change.logger)
[2025-12-25 12:57:58,299] INFO [Broker id=5] Creating new partition __consumer_offsets-42 with topic id ue_8SQUBS_2rDuQWfoEGdw. (state.change.logger)
[2025-12-25 12:57:58,314] INFO [Broker id=5] Follower __consumer_offsets-42 starts at leader epoch 0 from offset 0 with partition epoch 0 and high watermark 0. Current leader is 4. Previous leader Some(4) and previous leader epoch was 0. (state.change.logger)
[2025-12-25 12:57:58,314] INFO [Broker id=5] Creating new partition __consumer_offsets-23 with topic id ue_8SQUBS_2rDuQWfoEGdw. (state.change.logger)
[2025-12-25 12:57:58,344] INFO [Broker id=5] Follower __consumer_offsets-23 starts at leader epoch 0 from offset 0 with partition epoch 0 and high watermark 0. Current leader is 4. Previous leader Some(4) and previous leader epoch was 0. (state.change.logger)
[2025-12-25 12:57:58,345] INFO [Broker id=5] Creating new partition __consumer_offsets-21 with topic id ue_8SQUBS_2rDuQWfoEGdw. (state.change.logger)
[2025-12-25 12:57:58,373] INFO [Broker id=5] Follower __consumer_offsets-21 starts at leader epoch 0 from offset 0 with partition epoch 0 and high watermark 0. Current leader is 6. Previous leader Some(6) and previous leader epoch was 0. (state.change.logger)
[2025-12-25 12:57:58,373] INFO [Broker id=5] Creating new partition __consumer_offsets-19 with topic id ue_8SQUBS_2rDuQWfoEGdw. (state.change.logger)
[2025-12-25 12:57:58,424] INFO [Broker id=5] Follower __consumer_offsets-19 starts at leader epoch 0 from offset 0 with partition epoch 0 and high watermark 0. Current leader is 4. Previous leader Some(4) and previous leader epoch was 0. (state.change.logger)
[2025-12-25 12:57:58,424] INFO [Broker id=5] Creating new partition __consumer_offsets-17 with topic id ue_8SQUBS_2rDuQWfoEGdw. (state.change.logger)
[2025-12-25 12:57:58,455] INFO [Broker id=5] Follower __consumer_offsets-17 starts at leader epoch 0 from offset 0 with partition epoch 0 and high watermark 0. Current leader is 6. Previous leader Some(6) and previous leader epoch was 0. (state.change.logger)
[2025-12-25 12:57:58,455] INFO [Broker id=5] Creating new partition __consumer_offsets-32 with topic id ue_8SQUBS_2rDuQWfoEGdw. (state.change.logger)
[2025-12-25 12:57:58,476] INFO [Broker id=5] Follower __consumer_offsets-32 starts at leader epoch 0 from offset 0 with partition epoch 0 and high watermark 0. Current leader is 6. Previous leader Some(6) and previous leader epoch was 0. (state.change.logger)
[2025-12-25 12:57:58,476] INFO [Broker id=5] Creating new partition __consumer_offsets-30 with topic id ue_8SQUBS_2rDuQWfoEGdw. (state.change.logger)
[2025-12-25 12:57:58,600] INFO [Broker id=5] Follower __consumer_offsets-30 starts at leader epoch 0 from offset 0 with partition epoch 0 and high watermark 0. Current leader is 4. Previous leader Some(4) and previous leader epoch was 0. (state.change.logger)
[2025-12-25 12:57:58,601] INFO [Broker id=5] Creating new partition __consumer_offsets-28 with topic id ue_8SQUBS_2rDuQWfoEGdw. (state.change.logger)
[2025-12-25 12:57:58,626] INFO [Broker id=5] Follower __consumer_offsets-28 starts at leader epoch 0 from offset 0 with partition epoch 0 and high watermark 0. Current leader is 4. Previous leader Some(4) and previous leader epoch was 0. (state.change.logger)
[2025-12-25 12:57:58,627] INFO [Broker id=5] Creating new partition __consumer_offsets-7 with topic id ue_8SQUBS_2rDuQWfoEGdw. (state.change.logger)
[2025-12-25 12:57:58,639] INFO [Broker id=5] Follower __consumer_offsets-7 starts at leader epoch 0 from offset 0 with partition epoch 0 and high watermark 0. Current leader is 6. Previous leader Some(6) and previous leader epoch was 0. (state.change.logger)
[2025-12-25 12:57:58,639] INFO [Broker id=5] Creating new partition __consumer_offsets-40 with topic id ue_8SQUBS_2rDuQWfoEGdw. (state.change.logger)
[2025-12-25 12:57:58,658] INFO [Broker id=5] Follower __consumer_offsets-40 starts at leader epoch 0 from offset 0 with partition epoch 0 and high watermark 0. Current leader is 6. Previous leader Some(6) and previous leader epoch was 0. (state.change.logger)
[2025-12-25 12:57:58,658] INFO [Broker id=5] Creating new partition __consumer_offsets-38 with topic id ue_8SQUBS_2rDuQWfoEGdw. (state.change.logger)
[2025-12-25 12:57:58,671] INFO [Broker id=5] Follower __consumer_offsets-38 starts at leader epoch 0 from offset 0 with partition epoch 0 and high watermark 0. Current leader is 4. Previous leader Some(4) and previous leader epoch was 0. (state.change.logger)
[2025-12-25 12:57:58,671] INFO [Broker id=5] Creating new partition __consumer_offsets-3 with topic id ue_8SQUBS_2rDuQWfoEGdw. (state.change.logger)
[2025-12-25 12:57:58,686] INFO [Broker id=5] Follower __consumer_offsets-3 starts at leader epoch 0 from offset 0 with partition epoch 0 and high watermark 0. Current leader is 4. Previous leader Some(4) and previous leader epoch was 0. (state.change.logger)
[2025-12-25 12:57:58,686] INFO [Broker id=5] Creating new partition __consumer_offsets-1 with topic id ue_8SQUBS_2rDuQWfoEGdw. (state.change.logger)
[2025-12-25 12:57:58,696] INFO [Broker id=5] Follower __consumer_offsets-1 starts at leader epoch 0 from offset 0 with partition epoch 0 and high watermark 0. Current leader is 6. Previous leader Some(6) and previous leader epoch was 0. (state.change.logger)
[2025-12-25 12:57:58,696] INFO [Broker id=5] Creating new partition __consumer_offsets-45 with topic id ue_8SQUBS_2rDuQWfoEGdw. (state.change.logger)
[2025-12-25 12:57:58,715] INFO [Broker id=5] Follower __consumer_offsets-45 starts at leader epoch 0 from offset 0 with partition epoch 0 and high watermark 0. Current leader is 4. Previous leader Some(4) and previous leader epoch was 0. (state.change.logger)
[2025-12-25 12:57:58,718] INFO [Broker id=5] Creating new partition __consumer_offsets-14 with topic id ue_8SQUBS_2rDuQWfoEGdw. (state.change.logger)
[2025-12-25 12:57:58,735] INFO [Broker id=5] Follower __consumer_offsets-14 starts at leader epoch 0 from offset 0 with partition epoch 0 and high watermark 0. Current leader is 4. Previous leader Some(4) and previous leader epoch was 0. (state.change.logger)
[2025-12-25 12:57:58,736] INFO [Broker id=5] Creating new partition __consumer_offsets-10 with topic id ue_8SQUBS_2rDuQWfoEGdw. (state.change.logger)
[2025-12-25 12:57:58,772] INFO [Broker id=5] Follower __consumer_offsets-10 starts at leader epoch 0 from offset 0 with partition epoch 0 and high watermark 0. Current leader is 4. Previous leader Some(4) and previous leader epoch was 0. (state.change.logger)
[2025-12-25 12:57:58,772] INFO [Broker id=5] Creating new partition __consumer_offsets-24 with topic id ue_8SQUBS_2rDuQWfoEGdw. (state.change.logger)
[2025-12-25 12:57:58,814] INFO [Broker id=5] Follower __consumer_offsets-24 starts at leader epoch 0 from offset 0 with partition epoch 0 and high watermark 0. Current leader is 6. Previous leader Some(6) and previous leader epoch was 0. (state.change.logger)
[2025-12-25 12:57:58,820] INFO [Broker id=5] Creating new partition __consumer_offsets-20 with topic id ue_8SQUBS_2rDuQWfoEGdw. (state.change.logger)
[2025-12-25 12:57:58,855] INFO [Broker id=5] Follower __consumer_offsets-20 starts at leader epoch 0 from offset 0 with partition epoch 0 and high watermark 0. Current leader is 6. Previous leader Some(6) and previous leader epoch was 0. (state.change.logger)
[2025-12-25 12:57:58,856] INFO [Broker id=5] Creating new partition __consumer_offsets-27 with topic id ue_8SQUBS_2rDuQWfoEGdw. (state.change.logger)
[2025-12-25 12:57:58,888] INFO [Broker id=5] Follower __consumer_offsets-27 starts at leader epoch 0 from offset 0 with partition epoch 0 and high watermark 0. Current leader is 6. Previous leader Some(6) and previous leader epoch was 0. (state.change.logger)
[2025-12-25 12:57:58,891] INFO [Broker id=5] Creating new partition __consumer_offsets-25 with topic id ue_8SQUBS_2rDuQWfoEGdw. (state.change.logger)
[2025-12-25 12:57:58,905] INFO [Broker id=5] Follower __consumer_offsets-25 starts at leader epoch 0 from offset 0 with partition epoch 0 and high watermark 0. Current leader is 4. Previous leader Some(4) and previous leader epoch was 0. (state.change.logger)
[2025-12-25 12:57:58,906] INFO [Broker id=5] Creating new partition __consumer_offsets-39 with topic id ue_8SQUBS_2rDuQWfoEGdw. (state.change.logger)
[2025-12-25 12:57:58,955] INFO [Broker id=5] Follower __consumer_offsets-39 starts at leader epoch 0 from offset 0 with partition epoch 0 and high watermark 0. Current leader is 4. Previous leader Some(4) and previous leader epoch was 0. (state.change.logger)
[2025-12-25 12:57:58,963] INFO [Broker id=5] Creating new partition __consumer_offsets-37 with topic id ue_8SQUBS_2rDuQWfoEGdw. (state.change.logger)
[2025-12-25 12:57:58,979] INFO [Broker id=5] Follower __consumer_offsets-37 starts at leader epoch 0 from offset 0 with partition epoch 0 and high watermark 0. Current leader is 6. Previous leader Some(6) and previous leader epoch was 0. (state.change.logger)
[2025-12-25 12:57:58,979] INFO [Broker id=5] Creating new partition __consumer_offsets-6 with topic id ue_8SQUBS_2rDuQWfoEGdw. (state.change.logger)
[2025-12-25 12:57:59,008] INFO [Broker id=5] Follower __consumer_offsets-6 starts at leader epoch 0 from offset 0 with partition epoch 0 and high watermark 0. Current leader is 4. Previous leader Some(4) and previous leader epoch was 0. (state.change.logger)
[2025-12-25 12:57:59,013] INFO [Broker id=5] Creating new partition __consumer_offsets-35 with topic id ue_8SQUBS_2rDuQWfoEGdw. (state.change.logger)
[2025-12-25 12:57:59,038] INFO [Broker id=5] Follower __consumer_offsets-35 starts at leader epoch 0 from offset 0 with partition epoch 0 and high watermark 0. Current leader is 6. Previous leader Some(6) and previous leader epoch was 0. (state.change.logger)
[2025-12-25 12:57:59,038] INFO [Broker id=5] Creating new partition __consumer_offsets-4 with topic id ue_8SQUBS_2rDuQWfoEGdw. (state.change.logger)
[2025-12-25 12:57:59,046] INFO [Broker id=5] Follower __consumer_offsets-4 starts at leader epoch 0 from offset 0 with partition epoch 0 and high watermark 0. Current leader is 6. Previous leader Some(6) and previous leader epoch was 0. (state.change.logger)
[2025-12-25 12:57:59,048] INFO [Broker id=5] Creating new partition __consumer_offsets-33 with topic id ue_8SQUBS_2rDuQWfoEGdw. (state.change.logger)
[2025-12-25 12:57:59,055] INFO [Broker id=5] Follower __consumer_offsets-33 starts at leader epoch 0 from offset 0 with partition epoch 0 and high watermark 0. Current leader is 4. Previous leader Some(4) and previous leader epoch was 0. (state.change.logger)
[2025-12-25 12:57:59,055] INFO [Broker id=5] Creating new partition __consumer_offsets-2 with topic id ue_8SQUBS_2rDuQWfoEGdw. (state.change.logger)
[2025-12-25 12:57:59,126] INFO [Broker id=5] Follower __consumer_offsets-2 starts at leader epoch 0 from offset 0 with partition epoch 0 and high watermark 0. Current leader is 4. Previous leader Some(4) and previous leader epoch was 0. (state.change.logger)
[2025-12-25 12:57:59,132] INFO [Broker id=5] Stopped fetchers as part of become-follower for 33 partitions (state.change.logger)
[2025-12-25 12:57:59,282] INFO [Broker id=5] Started fetchers as part of become-follower for 33 partitions (state.change.logger)
